Removed Pin From Net: NetName=CAN_TX Pin=J1-4
Removed Pin From Net: NetName=CAN_RX Pin=J1-6
Removed Pin From Net: NetName=TM1_CH2 Pin=J1-8
Removed Pin From Net: NetName=TM1_CH1 Pin=J1-10
Removed Pin From Net: NetName=TM8_CH4 Pin=J1-12
Removed Pin From Net: NetName=TM8_CH3 Pin=J1-14
Removed Pin From Net: NetName=TM8_CH1 Pin=J1-18
Removed Pin From Net: NetName=MOSI_2 Pin=J1-20
Removed Pin From Net: NetName=MISO_2 Pin=J1-22
Removed Pin From Net: NetName=SCK_2 Pin=J1-24
Removed Pin From Net: NetName=NSS_2_2 Pin=J1-26
Added Pin To Net: NetName=NSS_2_2 Pin=J1-6
Added Pin To Net: NetName=SCK_2 Pin=J1-8
Added Pin To Net: NetName=MISO_2 Pin=J1-10
Added Pin To Net: NetName=MOSI_2 Pin=J1-12
Added Pin To Net: NetName=TM8_CH1 Pin=J1-14
Added Pin To Net: NetName=TM8_CH3 Pin=J1-18
Added Pin To Net: NetName=TM8_CH4 Pin=J1-20
Added Pin To Net: NetName=TM1_CH1 Pin=J1-22
Added Pin To Net: NetName=TM1_CH2 Pin=J1-24
Added Pin To Net: NetName=CAN_RX Pin=J1-26
Added Pin To Net: NetName=CAN_TX Pin=J1-28
Added Room: Name=Sheet
