Change Component Designator: OldDesignator=C8 NewDesignator=C7
Change Component Designator: OldDesignator=C9 NewDesignator=C8
Change Component Designator: OldDesignator=C10 NewDesignator=C9
Change Component Designator: OldDesignator=C11 NewDesignator=C10
Change Component Designator: OldDesignator=C12 NewDesignator=C11
Change Component Designator: OldDesignator=C13 NewDesignator=C12
Change Component Designator: OldDesignator=C14 NewDesignator=C15
Change Component Designator: OldDesignator=R6 NewDesignator=R7
Change Component Designator: OldDesignator=R7 NewDesignator=R8
Change Component Designator: OldDesignator=U3 NewDesignator=U4
Added Component: Designator=C13(CAP_0603)
Added Component: Designator=C14(CAP_0603)
Added Component: Designator=R6(RESC_0603_2)
Added Component: Designator=U3(SOT-23-6)
Added Pin To Net: NetName=GND Pin=C13-1
Added Pin To Net: NetName=VDD Pin=C13-2
Added Pin To Net: NetName=GND Pin=C14-2
Added Pin To Net: NetName=VDD Pin=R6-2
Added Pin To Net: NetName=PC13 Pin=U3-1
Added Pin To Net: NetName=GND Pin=U3-2
Added Pin To Net: NetName=VDD Pin=U3-5
Added Pin To Net: NetName=GND Pin=U3-6
Change Net Name : Old Net Name=NetC9_2 New Net Name=NetC8_2
Change Net Name : Old Net Name=NetR6_2 New Net Name=NetR7_2
Added Pin To Net: NetName=NetR6_1 Pin=R6-1
Added Pin To Net: NetName=NetR6_1 Pin=U3-4
Added Net: Name=NetR6_1
Added Pin To Net: NetName=Touch Pin=C14-1
Added Pin To Net: NetName=Touch Pin=U3-3
Added Net: Name=Touch
Added Member To Class: ClassName=Sheet Member=Component C13 100NF
Added Member To Class: ClassName=Sheet Member=Component C15 4.7UF
Added Member To Class: ClassName=Sheet Member=Component R8 4.7K
Added Member To Class: ClassName=Sheet Member=Component U4 TFT_1.3_12Pin
Added Room: Name=Sheet
