Removed Pin From Net: NetName=VDD Pin=J2-2
Removed Pin From Net: NetName=DAC_OUT1 Pin=J2-3
Removed Pin From Net: NetName=UART-TXD2 Pin=J2-4
Removed Pin From Net: NetName=DAC_OUT2 Pin=J2-5
Removed Pin From Net: NetName=UART-RXD2 Pin=J2-6
Removed Pin From Net: NetName=TM3_CH1 Pin=J2-7
Removed Pin From Net: NetName=TM5_CH2 Pin=J2-8
Removed Pin From Net: NetName=TM3_CH2 Pin=J2-9
Removed Pin From Net: NetName=TM5_CH1 Pin=J2-10
Removed Pin From Net: NetName=DIR Pin=J2-11
Removed Pin From Net: NetName=STEP Pin=J2-13
Removed Pin From Net: NetName=NSS_2_3 Pin=J2-15
Removed Pin From Net: NetName=BOOT1 Pin=J2-17
Removed Pin From Net: NetName=GPIO2 Pin=J2-18
Removed Pin From Net: NetName=SCL_2 Pin=J2-19
Removed Pin From Net: NetName=GPIO1 Pin=J2-20
Removed Pin From Net: NetName=SDA_2 Pin=J2-21
Removed Pin From Net: NetName=GPIO0 Pin=J2-22
Removed Pin From Net: NetName=GND Pin=J2-28
Removed Pin From Net: NetName=GND Pin=J2-29
Added Pin To Net: NetName=GND Pin=J2-3
Added Pin To Net: NetName=GND Pin=J2-4
Added Pin To Net: NetName=GPIO0 Pin=J2-10
Added Pin To Net: NetName=SDA_2 Pin=J2-11
Added Pin To Net: NetName=GPIO1 Pin=J2-12
Added Pin To Net: NetName=SCL_2 Pin=J2-13
Added Pin To Net: NetName=GPIO2 Pin=J2-14
Added Pin To Net: NetName=BOOT1 Pin=J2-15
Added Pin To Net: NetName=NSS_2_3 Pin=J2-17
Added Pin To Net: NetName=STEP Pin=J2-19
Added Pin To Net: NetName=DIR Pin=J2-21
Added Pin To Net: NetName=TM5_CH1 Pin=J2-22
Added Pin To Net: NetName=TM3_CH2 Pin=J2-23
Added Pin To Net: NetName=TM5_CH2 Pin=J2-24
Added Pin To Net: NetName=TM3_CH1 Pin=J2-25
Added Pin To Net: NetName=UART-RXD2 Pin=J2-26
Added Pin To Net: NetName=DAC_OUT2 Pin=J2-27
Added Pin To Net: NetName=UART-TXD2 Pin=J2-28
Added Pin To Net: NetName=DAC_OUT1 Pin=J2-29
Added Pin To Net: NetName=VDD Pin=J2-30
Added Room: Name=Sheet
