Removed Pin From Net: NetName=DAC_OUT1 Pin=J2-6
Removed Pin From Net: NetName=DAC_OUT2 Pin=J2-8
Removed Pin From Net: NetName=TM3_CH1 Pin=J2-10
Removed Pin From Net: NetName=TM3_CH2 Pin=J2-12
Removed Pin From Net: NetName=DIR Pin=J2-14
Removed Pin From Net: NetName=STEP Pin=J2-16
Removed Pin From Net: NetName=NSS_2_3 Pin=J2-18
Removed Pin From Net: NetName=BOOT1 Pin=J2-20
Removed Pin From Net: NetName=SCL_2 Pin=J2-22
Removed Pin From Net: NetName=SDA_2 Pin=J2-24
Added Pin To Net: NetName=DAC_OUT1 Pin=J2-4
Added Pin To Net: NetName=DAC_OUT2 Pin=J2-6
Added Pin To Net: NetName=TM3_CH1 Pin=J2-8
Added Pin To Net: NetName=TM3_CH2 Pin=J2-10
Added Pin To Net: NetName=DIR Pin=J2-12
Added Pin To Net: NetName=STEP Pin=J2-14
Added Pin To Net: NetName=NSS_2_3 Pin=J2-16
Added Pin To Net: NetName=BOOT1 Pin=J2-18
Added Pin To Net: NetName=SCL_2 Pin=J2-20
Added Pin To Net: NetName=SDA_2 Pin=J2-22
Added Room: Name=Sheet
