Removed Pin From Net: NetName=NSS_2_3 Pin=J1-3
Removed Pin From Net: NetName=NSS_2_2 Pin=J1-5
Removed Pin From Net: NetName=NSS_2 Pin=J1-7
Removed Pin From Net: NetName=SCK_2 Pin=J1-9
Removed Pin From Net: NetName=MISO_2 Pin=J1-11
Removed Pin From Net: NetName=MOSI_2 Pin=J1-13
Removed Pin From Net: NetName=TM8_CH1 Pin=J1-15
Removed Pin From Net: NetName=TM8_CH2 Pin=J1-17
Removed Pin From Net: NetName=TM8_CH3 Pin=J1-19
Removed Pin From Net: NetName=TM8_CH4 Pin=J1-21
Removed Pin From Net: NetName=TM1_CH1 Pin=J1-23
Removed Pin From Net: NetName=TM1_CH2 Pin=J1-25
Removed Pin From Net: NetName=CAN_RX Pin=J1-27
Removed Pin From Net: NetName=CAN_TX Pin=J1-29
Added Pin To Net: NetName=CAN_TX Pin=J1-3
Added Pin To Net: NetName=CAN_RX Pin=J1-5
Added Pin To Net: NetName=TM1_CH2 Pin=J1-7
Added Pin To Net: NetName=TM1_CH1 Pin=J1-9
Added Pin To Net: NetName=TM8_CH4 Pin=J1-11
Added Pin To Net: NetName=TM8_CH3 Pin=J1-13
Added Pin To Net: NetName=TM8_CH2 Pin=J1-15
Added Pin To Net: NetName=TM8_CH1 Pin=J1-17
Added Pin To Net: NetName=MOSI_2 Pin=J1-19
Added Pin To Net: NetName=MISO_2 Pin=J1-21
Added Pin To Net: NetName=SCK_2 Pin=J1-23
Added Pin To Net: NetName=NSS_2 Pin=J1-25
Added Pin To Net: NetName=NSS_2_2 Pin=J1-27
Added Pin To Net: NetName=NSS_2_3 Pin=J1-29
Added Room: Name=Sheet
