Removed Pin From Net: NetName=CAN_TX Pin=J1-3
Removed Pin From Net: NetName=PC13 Pin=J1-4
Removed Pin From Net: NetName=CAN_RX Pin=J1-5
Removed Pin From Net: NetName=TM4_CH4 Pin=J1-6
Removed Pin From Net: NetName=TM1_CH2 Pin=J1-7
Removed Pin From Net: NetName=TM4_CH3 Pin=J1-8
Removed Pin From Net: NetName=TM1_CH1 Pin=J1-9
Removed Pin From Net: NetName=TM4_CH2 Pin=J1-10
Removed Pin From Net: NetName=TM8_CH4 Pin=J1-11
Removed Pin From Net: NetName=TM4_CH1 Pin=J1-12
Removed Pin From Net: NetName=TM8_CH3 Pin=J1-13
Removed Pin From Net: NetName=GPIOB Pin=J1-14
Removed Pin From Net: NetName=TM8_CH2 Pin=J1-15
Removed Pin From Net: NetName=GPIOA Pin=J1-16
Removed Pin From Net: NetName=TM8_CH1 Pin=J1-17
Removed Pin From Net: NetName=TM2_CH2 Pin=J1-18
Removed Pin From Net: NetName=MOSI_2 Pin=J1-19
Removed Pin From Net: NetName=CH_RXD Pin=J1-20
Removed Pin From Net: NetName=MISO_2 Pin=J1-21
Removed Pin From Net: NetName=CH_TXD Pin=J1-22
Removed Pin From Net: NetName=SCK_2 Pin=J1-23
Removed Pin From Net: NetName=PC11 Pin=J1-24
Removed Pin From Net: NetName=NSS_2 Pin=J1-25
Removed Pin From Net: NetName=PC10 Pin=J1-26
Removed Pin From Net: NetName=NSS_2_2 Pin=J1-27
Removed Pin From Net: NetName=TM2_CH1 Pin=J1-28
Removed Pin From Net: NetName=NSS_2_3 Pin=J1-29
Removed Pin From Net: NetName=GND Pin=J1-30
Added Pin To Net: NetName=PC13 Pin=J1-3
Added Pin To Net: NetName=CAN_TX Pin=J1-4
Added Pin To Net: NetName=TM4_CH4 Pin=J1-5
Added Pin To Net: NetName=CAN_RX Pin=J1-6
Added Pin To Net: NetName=TM4_CH3 Pin=J1-7
Added Pin To Net: NetName=TM1_CH2 Pin=J1-8
Added Pin To Net: NetName=TM4_CH2 Pin=J1-9
Added Pin To Net: NetName=TM1_CH1 Pin=J1-10
Added Pin To Net: NetName=TM4_CH1 Pin=J1-11
Added Pin To Net: NetName=TM8_CH4 Pin=J1-12
Added Pin To Net: NetName=GPIOB Pin=J1-13
Added Pin To Net: NetName=TM8_CH3 Pin=J1-14
Added Pin To Net: NetName=GPIOA Pin=J1-15
Added Pin To Net: NetName=TM8_CH2 Pin=J1-16
Added Pin To Net: NetName=TM2_CH2 Pin=J1-17
Added Pin To Net: NetName=TM8_CH1 Pin=J1-18
Added Pin To Net: NetName=CH_RXD Pin=J1-19
Added Pin To Net: NetName=MOSI_2 Pin=J1-20
Added Pin To Net: NetName=CH_TXD Pin=J1-21
Added Pin To Net: NetName=MISO_2 Pin=J1-22
Added Pin To Net: NetName=PC11 Pin=J1-23
Added Pin To Net: NetName=SCK_2 Pin=J1-24
Added Pin To Net: NetName=PC10 Pin=J1-25
Added Pin To Net: NetName=NSS_2 Pin=J1-26
Added Pin To Net: NetName=TM2_CH1 Pin=J1-27
Added Pin To Net: NetName=NSS_2_2 Pin=J1-28
Added Pin To Net: NetName=NSS_2_3 Pin=J1-30
Added Room: Name=Sheet
