Removed Pin From Net: NetName=DAC_OUT1 Pin=J2-2
Removed Pin From Net: NetName=UART-RXD2 Pin=J2-3
Removed Pin From Net: NetName=DAC_OUT2 Pin=J2-4
Removed Pin From Net: NetName=UART-TXD2 Pin=J2-5
Removed Pin From Net: NetName=TM3_CH1 Pin=J2-6
Removed Pin From Net: NetName=TM5_CH2 Pin=J2-7
Removed Pin From Net: NetName=TM3_CH2 Pin=J2-8
Removed Pin From Net: NetName=TM5_CH1 Pin=J2-9
Removed Pin From Net: NetName=DIR Pin=J2-10
Removed Pin From Net: NetName=STEP Pin=J2-12
Removed Pin From Net: NetName=BOOT1 Pin=J2-14
Removed Pin From Net: NetName=SCL_2 Pin=J2-16
Removed Pin From Net: NetName=SDA_2 Pin=J2-18
Added Pin To Net: NetName=UART-RXD2 Pin=J2-5
Added Pin To Net: NetName=DAC_OUT1 Pin=J2-6
Added Pin To Net: NetName=UART-TXD2 Pin=J2-7
Added Pin To Net: NetName=DAC_OUT2 Pin=J2-8
Added Pin To Net: NetName=TM5_CH2 Pin=J2-9
Added Pin To Net: NetName=TM3_CH1 Pin=J2-10
Added Pin To Net: NetName=TM5_CH1 Pin=J2-11
Added Pin To Net: NetName=TM3_CH2 Pin=J2-12
Added Pin To Net: NetName=DIR Pin=J2-14
Added Pin To Net: NetName=STEP Pin=J2-16
Added Pin To Net: NetName=BOOT1 Pin=J2-18
Added Pin To Net: NetName=SCL_2 Pin=J2-20
Added Pin To Net: NetName=SDA_2 Pin=J2-22
Added Room: Name=Sheet
