Removed Pin From Net: NetName=VBUS Pin=R4-1
Removed Pin From Net: NetName=RXD0 Pin=R5-1
Removed Pin From Net: NetName=GND Pin=U3-3
Removed Pin From Net: NetName=DP Pin=U3-4
Removed Pin From Net: NetName=DN Pin=U3-5
Removed Pin From Net: NetName=VBUS Pin=U3-7
Removed Pin From Net: NetName=VBUS Pin=U3-8
Removed Pin From Net: NetName=RTS Pin=U3-24
Removed Pin From Net: NetName=TXD0 Pin=U3-25
Removed Pin From Net: NetName=DTR Pin=U3-28
Removed Pin From Net: NetName=GND Pin=U3-29
Removed Member From Class: ClassName=hardware Member=R9
Removed Member From Class: ClassName=hardware Member=R10
Change Component Footprint: Designator=U3 Old Footprint=QFN28 5x5_N New Footprint=SOP16
Change Component Comment : Designator=U3 Old Comment=CP2102 New Comment=CH340
Change Component Designator: OldDesignator=C6 NewDesignator=C7
Change Component Designator: OldDesignator=C7 NewDesignator=C8
Change Component Designator: OldDesignator=R6 NewDesignator=R4
Change Component Designator: OldDesignator=R7 NewDesignator=R5
Change Component Designator: OldDesignator=R8 NewDesignator=R6
Change Component Designator: OldDesignator=R9 NewDesignator=R7
Change Component Designator: OldDesignator=R10 NewDesignator=R8
Added Component: Designator=C6(CAP_0603)
Added Pin To Net: NetName=GND Pin=C6-2
Added Pin To Net: NetName=GND Pin=U3-1
Added Pin To Net: NetName=RXD0 Pin=U3-2
Added Pin To Net: NetName=TXD0 Pin=U3-3
Added Pin To Net: NetName=DP Pin=U3-5
Added Pin To Net: NetName=DN Pin=U3-6
Added Pin To Net: NetName=DTR Pin=U3-13
Added Pin To Net: NetName=RTS Pin=U3-14
Added Pin To Net: NetName=VBUS Pin=U3-16
Added Pin To Net: NetName=NetC6_1 Pin=C6-1
Added Pin To Net: NetName=NetC6_1 Pin=U3-4
Added Net: Name=NetC6_1
Added Member To Class: ClassName=hardware Member=Component C3 100NF
Added Member To Class: ClassName=hardware Member=Component C4 100UF
Added Member To Class: ClassName=hardware Member=Component C5 100NF
Added Member To Class: ClassName=hardware Member=Component C8 100NF
Added Member To Class: ClassName=hardware Member=Component U2 AMS1117_3.3
Added Member To Class: ClassName=hardware Member=Component U3 CH340
Added Room: Name=hardware
