Removed Pin From Net: NetName=GND Pin=C5-1
Removed Pin From Net: NetName=GND Pin=U4-1
Removed Pin From Net: NetName=RXD0 Pin=U4-2
Removed Pin From Net: NetName=TXD0 Pin=U4-3
Removed Pin From Net: NetName=DP Pin=U4-5
Removed Pin From Net: NetName=DN Pin=U4-6
Removed Pin From Net: NetName=DTR Pin=U4-13
Removed Pin From Net: NetName=RTS Pin=U4-14
Removed Pin From Net: NetName=VUSB Pin=U4-16
Removed Member From Class: ClassName=hardware Member=C7
Change Component Footprint: Designator=U4 Old Footprint=SOIC_16 New Footprint=QFN28 5x5_N
Change Component Comment : Designator=U4 Old Comment=CH340C New Comment=CP2102
Change Component Designator: OldDesignator=C7 NewDesignator=C5
Change Component Designator: OldDesignator=R4 NewDesignator=R6
Change Component Designator: OldDesignator=R5 NewDesignator=R7
Change Component Designator: OldDesignator=R6 NewDesignator=R9
Change Component Designator: OldDesignator=R7 NewDesignator=R10
Change component parameters: Designator = "U4" ("U4"); Footprint = "SOIC_16"; UniqueID = "\DULNVNMM" ("\DULNVNMM")
Added Component: Designator=R4(RESC_0603_2)
Added Component: Designator=R5(RESC_0603_2)
Added Pin To Net: NetName=VUSB Pin=R4-1
Added Pin To Net: NetName=RXD0 Pin=R5-1
Added Pin To Net: NetName=DP Pin=U4-4
Added Pin To Net: NetName=DN Pin=U4-5
Added Pin To Net: NetName=VUSB Pin=U4-7
Added Pin To Net: NetName=VUSB Pin=U4-8
Added Pin To Net: NetName=RTS Pin=U4-24
Added Pin To Net: NetName=TXD0 Pin=U4-25
Added Pin To Net: NetName=DTR Pin=U4-28
Added Pin To Net: NetName=GND Pin=U4-29
Change Net Name : Old Net Name=VUSB New Net Name=VBUS
Added Pin To Net: NetName=NetR4_2 Pin=R4-2
Added Pin To Net: NetName=NetR4_2 Pin=U4-9
Added Net: Name=NetR4_2
Added Pin To Net: NetName=NetR5_2 Pin=R5-2
Added Pin To Net: NetName=NetR5_2 Pin=U4-26
Added Net: Name=NetR5_2
Added Member To Class: ClassName=hardware Member=Component R9 10K
Added Member To Class: ClassName=hardware Member=Component R10 10K
Added Room: Name=hardware
