Removed Pin From Net: NetName=GND Pin=U2-1
Removed Pin From Net: NetName=NetR3_2 Pin=U2-2
Removed Pin From Net: NetName=VDD Pin=U2-3
Removed Pin From Net: NetName=VDD Pin=U2-4
Removed Pin From Net: NetName=GND Pin=U2-5
Removed Pin From Net: NetName=GND Pin=U2-6
Removed Pin From Net: NetName=D/C Pin=U2-7
Removed Pin From Net: NetName=IO41 Pin=U2-8
Removed Pin From Net: NetName=IO40 Pin=U2-9
Removed Pin From Net: NetName=IO38 Pin=U2-10
Removed Pin From Net: NetName=RES Pin=U2-11
Removed Pin From Net: NetName=GND Pin=U2-12
Removed Member From Class: ClassName=hardware Member=U4
Change Component Designator: OldDesignator=C3 NewDesignator=C4
Change Component Designator: OldDesignator=C4 NewDesignator=C5
Change Component Designator: OldDesignator=C5 NewDesignator=C6
Change Component Designator: OldDesignator=C6 NewDesignator=C7
Change Component Designator: OldDesignator=U3 NewDesignator=U2
Change Component Designator: OldDesignator=U4 NewDesignator=U3
Added Component: Designator=C3(CAP_0603)
Added Component: Designator=SHOW1(LCD_1.14)
Added Pin To Net: NetName=3V3 Pin=C3-1
Added Pin To Net: NetName=GND Pin=C3-2
Added Pin To Net: NetName=IO38 Pin=SHOW1-3
Added Pin To Net: NetName=IO40 Pin=SHOW1-4
Added Pin To Net: NetName=D/C Pin=SHOW1-5
Added Pin To Net: NetName=RES Pin=SHOW1-6
Added Pin To Net: NetName=IO41 Pin=SHOW1-7
Added Pin To Net: NetName=GND Pin=SHOW1-8
Added Pin To Net: NetName=3V3 Pin=SHOW1-10
Added Pin To Net: NetName=NetR3_2 Pin=SHOW1-11
Added Pin To Net: NetName=3V3 Pin=SHOW1-12
Added Pin To Net: NetName=GND Pin=SHOW1-13
Added Member To Class: ClassName=hardware Member=Component C7 100NF
Added Member To Class: ClassName=hardware Member=Component SHOW1 ST7789
Added Room: Name=hardware
