Removed Pin From Net: NetName=GND Pin=COM1-0
Removed Pin From Net: NetName=GND Pin=COM1-0
Removed Pin From Net: NetName=GND Pin=COM1-0
Removed Pin From Net: NetName=GND Pin=COM1-0
Change Component Designator: OldDesignator=C4 NewDesignator=C5
Change Component Designator: OldDesignator=C5 NewDesignator=C6
Change Component Designator: OldDesignator=C6 NewDesignator=C7
Change Component Designator: OldDesignator=C7 NewDesignator=C8
Change Component Designator: OldDesignator=C8 NewDesignator=C9
Change Component Designator: OldDesignator=C9 NewDesignator=C10
Change Component Designator: OldDesignator=C10 NewDesignator=C11
Change Component Designator: OldDesignator=C11 NewDesignator=C12
Change Component Designator: OldDesignator=C12 NewDesignator=C13
Change Component Designator: OldDesignator=C13 NewDesignator=C14
Change Component Designator: OldDesignator=C14 NewDesignator=C15
Added Component: Designator=C4(CAP_0603)
Added Pin To Net: NetName=GND Pin=C4-1
Added Pin To Net: NetName=VBUS Pin=C4-2
Change Net Name : Old Net Name=NetC9_2 New Net Name=NetC10_2
Added Member To Class: ClassName=Sheet1 Member=Component C15 4.7UF
Added Room: Name=Sheet1
