Removed Pin From Net: NetName=TM1_CH2 Pin=J2-2
Removed Pin From Net: NetName=TM1_CH1 Pin=J2-3
Removed Pin From Net: NetName=TM8_CH4 Pin=J2-4
Removed Pin From Net: NetName=TM8_CH3 Pin=J2-5
Removed Pin From Net: NetName=TM8_CH2 Pin=J2-6
Removed Pin From Net: NetName=TM8_CH1 Pin=J2-7
Removed Pin From Net: NetName=MOSI_2 Pin=J2-8
Removed Pin From Net: NetName=MISO_2 Pin=J2-9
Removed Pin From Net: NetName=SCK_2 Pin=J2-10
Removed Pin From Net: NetName=NSS_2 Pin=J2-11
Removed Pin From Net: NetName=NSS_2_2 Pin=J2-12
Removed Pin From Net: NetName=NSS_2_3 Pin=J2-13
Removed Pin From Net: NetName=PC13 Pin=J2-17
Removed Pin From Net: NetName=TM4_CH4 Pin=J2-18
Removed Pin From Net: NetName=TM4_CH3 Pin=J2-19
Removed Pin From Net: NetName=TM4_CH2 Pin=J2-20
Removed Pin From Net: NetName=TM4_CH1 Pin=J2-21
Removed Pin From Net: NetName=M2_N2 Pin=J2-22
Removed Pin From Net: NetName=M2_N1 Pin=J2-23
Removed Pin From Net: NetName=TM2_CH2 Pin=J2-24
Removed Pin From Net: NetName=M1_N2 Pin=J2-25
Removed Pin From Net: NetName=M1_N1 Pin=J2-26
Removed Pin From Net: NetName=PC11 Pin=J2-27
Removed Pin From Net: NetName=PC10 Pin=J2-28
Removed Pin From Net: NetName=TM2_CH1 Pin=J2-29
Added Pin To Net: NetName=PC13 Pin=J2-1
Added Pin To Net: NetName=TM4_CH4 Pin=J2-2
Added Pin To Net: NetName=TM4_CH3 Pin=J2-3
Added Pin To Net: NetName=TM4_CH2 Pin=J2-4
Added Pin To Net: NetName=TM4_CH1 Pin=J2-5
Added Pin To Net: NetName=M2_N2 Pin=J2-6
Added Pin To Net: NetName=M2_N1 Pin=J2-7
Added Pin To Net: NetName=TM2_CH2 Pin=J2-8
Added Pin To Net: NetName=M1_N2 Pin=J2-9
Added Pin To Net: NetName=M1_N1 Pin=J2-10
Added Pin To Net: NetName=PC11 Pin=J2-11
Added Pin To Net: NetName=PC10 Pin=J2-12
Added Pin To Net: NetName=TM2_CH1 Pin=J2-13
Added Pin To Net: NetName=TM1_CH2 Pin=J2-18
Added Pin To Net: NetName=TM1_CH1 Pin=J2-19
Added Pin To Net: NetName=TM8_CH4 Pin=J2-20
Added Pin To Net: NetName=TM8_CH3 Pin=J2-21
Added Pin To Net: NetName=TM8_CH2 Pin=J2-22
Added Pin To Net: NetName=TM8_CH1 Pin=J2-23
Added Pin To Net: NetName=MOSI_2 Pin=J2-24
Added Pin To Net: NetName=MISO_2 Pin=J2-25
Added Pin To Net: NetName=SCK_2 Pin=J2-26
Added Pin To Net: NetName=NSS_2 Pin=J2-27
Added Pin To Net: NetName=NSS_2_2 Pin=J2-28
Added Pin To Net: NetName=NSS_2_3 Pin=J2-29
Added Room: Name=MCU
