Removed Pin From Net: NetName=PC13 Pin=J2-1
Removed Pin From Net: NetName=TM4_CH4 Pin=J2-2
Removed Pin From Net: NetName=TM4_CH3 Pin=J2-3
Removed Pin From Net: NetName=TM4_CH2 Pin=J2-4
Removed Pin From Net: NetName=TM4_CH1 Pin=J2-5
Removed Pin From Net: NetName=M2_N2 Pin=J2-6
Removed Pin From Net: NetName=M2_N1 Pin=J2-7
Removed Pin From Net: NetName=TM2_CH2 Pin=J2-8
Removed Pin From Net: NetName=M1_N2 Pin=J2-9
Removed Pin From Net: NetName=M1_N1 Pin=J2-10
Removed Pin From Net: NetName=PC11 Pin=J2-11
Removed Pin From Net: NetName=PC10 Pin=J2-12
Removed Pin From Net: NetName=TM2_CH1 Pin=J2-13
Removed Pin From Net: NetName=GND Pin=J2-15
Removed Pin From Net: NetName=+5 Pin=J3-15
Added Pin To Net: NetName=+5 Pin=J2-1
Added Pin To Net: NetName=PC13 Pin=J2-2
Added Pin To Net: NetName=TM4_CH4 Pin=J2-3
Added Pin To Net: NetName=TM4_CH3 Pin=J2-4
Added Pin To Net: NetName=TM4_CH2 Pin=J2-5
Added Pin To Net: NetName=TM4_CH1 Pin=J2-6
Added Pin To Net: NetName=M2_N2 Pin=J2-7
Added Pin To Net: NetName=M2_N1 Pin=J2-8
Added Pin To Net: NetName=TM2_CH2 Pin=J2-9
Added Pin To Net: NetName=M1_N2 Pin=J2-10
Added Pin To Net: NetName=M1_N1 Pin=J2-11
Added Pin To Net: NetName=PC11 Pin=J2-12
Added Pin To Net: NetName=PC10 Pin=J2-13
Added Pin To Net: NetName=TM2_CH1 Pin=J2-14
Added Pin To Net: NetName=GND Pin=J2-30
