Removed Pin From Net: NetName=PC10 Pin=C3-1
Removed Pin From Net: NetName=GND Pin=C3-2
Removed Pin From Net: NetName=PC11 Pin=C4-1
Removed Pin From Net: NetName=PC13 Pin=C5-1
Removed Pin From Net: NetName=GND Pin=C9-1
Removed Pin From Net: NetName=XTALC Pin=C9-2
Removed Pin From Net: NetName=GND Pin=C10-1
Removed Pin From Net: NetName=XTALD Pin=C10-2
Removed Pin From Net: NetName=XTALA Pin=C12-1
Removed Pin From Net: NetName=GND Pin=C12-2
Removed Pin From Net: NetName=XTALB Pin=C13-1
Removed Pin From Net: NetName=GND Pin=C13-2
Removed Pin From Net: NetName=GND Pin=C15-2
Removed Pin From Net: NetName=GND Pin=J1-0
Removed Pin From Net: NetName=GND Pin=J1-0
Removed Pin From Net: NetName=GND Pin=KEY1-0
Removed Pin From Net: NetName=GND Pin=KEY1-0
Removed Pin From Net: NetName=GND Pin=KEY1-0
Removed Pin From Net: NetName=GND Pin=KEY1-1
Removed Pin From Net: NetName=PC13 Pin=KEY1-2
Removed Pin From Net: NetName=PC11 Pin=KEY1-3
Removed Pin From Net: NetName=PC10 Pin=KEY1-4
Removed Pin From Net: NetName=NetC11_2 Pin=MCU1-47
Removed Pin From Net: NetName=PC10 Pin=R6-1
Removed Pin From Net: NetName=VDD Pin=R6-2
Removed Pin From Net: NetName=PC11 Pin=R6-3
Removed Pin From Net: NetName=VDD Pin=R6-4
Removed Pin From Net: NetName=VDD Pin=R6-6
Removed Pin From Net: NetName=PC13 Pin=R6-7
Removed Pin From Net: NetName=VDD Pin=R6-8
Removed Member From Class: ClassName=MCU Member=C14
Removed Member From Class: ClassName=MCU Member=C15
Removed Member From Class: ClassName=MCU Member=KEY1
Removed Member From Class: ClassName=MCU Member=R9
Change Component Comment : Designator=R4 Old Comment=10K New Comment=2K
Change Component Comment : Designator=C12 Old Comment=22PF New Comment=100NF
Change Component Comment : Designator=C4 Old Comment=100NF New Comment=22PF
Change Component Comment : Designator=C5 Old Comment=100NF New Comment=22PF
Change Component Designator: OldDesignator=C1 NewDesignator=C7
Change Component Designator: OldDesignator=C2 NewDesignator=C3
Change Component Designator: OldDesignator=C6 NewDesignator=C8
Change Component Designator: OldDesignator=C7 NewDesignator=C9
Change Component Designator: OldDesignator=C8 NewDesignator=C10
Change Component Designator: OldDesignator=C14 NewDesignator=C13
Change Component Designator: OldDesignator=R2 NewDesignator=R3
Change Component Designator: OldDesignator=R3 NewDesignator=R4
Change Component Designator: OldDesignator=R4 NewDesignator=R2
Change Component Designator: OldDesignator=R7 NewDesignator=R6
Change Component Designator: OldDesignator=R8 NewDesignator=R7
Change Component Designator: OldDesignator=R9 NewDesignator=R8
Added Component: Designator=C1(CAP_0603)
Added Component: Designator=C2(CAP_0603)
Added Component: Designator=C6(CAP_0603)
Added Pin To Net: NetName=XTALC Pin=C1-1
Added Pin To Net: NetName=GND Pin=C1-2
Added Pin To Net: NetName=XTALD Pin=C2-1
Added Pin To Net: NetName=GND Pin=C2-2
Added Pin To Net: NetName=XTALA Pin=C4-1
Added Pin To Net: NetName=XTALB Pin=C5-1
Added Pin To Net: NetName=GND Pin=C6-1
Added Pin To Net: NetName=GND Pin=C12-1
Added Pin To Net: NetName=VDD Pin=C12-2
Added Pin To Net: NetName=NetC11_2 Pin=MCU1-31
Change Net Name : Old Net Name=NetR8_2 New Net Name=NetR7_2
Added Pin To Net: NetName=NetC6_2 Pin=C6-2
Added Pin To Net: NetName=NetC6_2 Pin=MCU1-47
Added Net: Name=NetC6_2
Added Net: Name=Touch
Added Room: Name=MCU
